music_application/android/app/build/intermediates/manifest_merge_blame_file/debug/processDebugMainManifest/manifest-merger-blame-debug-report.txt
1<?xml version="1.0" encoding="utf-8"?>
2<manifest xmlns:android="http://schemas.android.com/apk/res/android"
3    package="com.example.music_application"
4    android:versionCode="1"
5    android:versionName="1.0" >
6
7    <uses-sdk
8        android:minSdkVersion="24"
9        android:targetSdkVersion="35" />
10    <!--
11         The INTERNET permission is required for development. Specifically,
12         the Flutter tool needs it to communicate with the running application
13         to allow setting breakpoints, to provide hot reload, etc.
14    -->
15    <uses-permission android:name="android.permission.INTERNET" />
15-->src\main\AndroidManifest.xml:2:5-66
15-->src\main\AndroidManifest.xml:2:22-64
16    <uses-permission android:name="android.permission.CAMERA" /> <!-- Android 13+ -->
16-->src\main\AndroidManifest.xml:3:5-64
16-->src\main\AndroidManifest.xml:3:22-62
17    <uses-permission android:name="android.permission.READ_MEDIA_AUDIO" />
17-->src\main\AndroidManifest.xml:5:5-74
17-->src\main\AndroidManifest.xml:5:22-72
18    <uses-permission android:name="android.permission.READ_MEDIA_IMAGES" />
18-->src\main\AndroidManifest.xml:6:5-75
18-->src\main\AndroidManifest.xml:6:22-73
19    <uses-permission
19-->src\main\AndroidManifest.xml:8:5-106
20        android:name="android.permission.READ_EXTERNAL_STORAGE"
20-->src\main\AndroidManifest.xml:8:22-77
21        android:maxSdkVersion="32" />
21-->src\main\AndroidManifest.xml:8:78-104
22    <uses-permission
22-->src\main\AndroidManifest.xml:9:5-107
23        android:name="android.permission.WRITE_EXTERNAL_STORAGE"
23-->src\main\AndroidManifest.xml:9:22-78
24        android:maxSdkVersion="29" />
24-->src\main\AndroidManifest.xml:9:79-105
25    <uses-permission android:name="android.permission.ACCESS_NETWORK_STATE" />
25-->[androidx.media3:media3-common:1.4.1] AndroidManifest.xml:22:5-79
25-->[androidx.media3:media3-common:1.4.1] AndroidManifest.xml:22:22-76
26
27    <permission
27-->[androidx.core:core:1.13.1] AndroidManifest.xml:22:5-24:47
28        android:name="com.example.music_application.DYNAMIC_RECEIVER_NOT_EXPORTED_PERMISSION"
28-->[androidx.core:core:1.13.1] AndroidManifest.xml:23:9-81
29        android:protectionLevel="signature" />
29-->[androidx.core:core:1.13.1] AndroidManifest.xml:24:9-44
30
31    <uses-permission android:name="com.example.music_application.DYNAMIC_RECEIVER_NOT_EXPORTED_PERMISSION" />
31-->[androidx.core:core:1.13.1] AndroidManifest.xml:26:5-97
31-->[androidx.core:core:1.13.1] AndroidManifest.xml:26:22-94
32
33    <application
34        android:name="android.app.Application"
35        android:appComponentFactory="androidx.core.app.CoreComponentFactory"
35-->[androidx.core:core:1.13.1] AndroidManifest.xml:28:18-86
36        android:debuggable="true"
37        android:extractNativeLibs="false"
38        android:icon="@mipmap/ic_launcher"
39        android:label="music_application"
40        android:networkSecurityConfig="@xml/network_security_config"
41        android:usesCleartextTraffic="true" >
42        <activity
43            android:name="com.example.music_application.MainActivity"
44            android:configChanges="orientation|keyboardHidden|keyboard|screenSize|locale|layoutDirection|fontScale|screenLayout|density|uiMode"
45            android:exported="true"
46            android:hardwareAccelerated="true"
47            android:launchMode="singleTop"
48            android:theme="@style/LaunchTheme"
49            android:windowSoftInputMode="adjustResize" >
50            <intent-filter>
51                <action android:name="android.intent.action.MAIN" />
52
53                <category android:name="android.intent.category.LAUNCHER" />
54            </intent-filter>
55        </activity>
56
57        <meta-data
58            android:name="flutterEmbedding"
59            android:value="2" />
60
61        <provider
61-->[:image_picker_android] AndroidManifest.xml:9:9-17:20
62            android:name="io.flutter.plugins.imagepicker.ImagePickerFileProvider"
62-->[:image_picker_android] AndroidManifest.xml:10:13-82
63            android:authorities="com.example.music_application.flutter.image_provider"
63-->[:image_picker_android] AndroidManifest.xml:11:13-74
64            android:exported="false"
64-->[:image_picker_android] AndroidManifest.xml:12:13-37
65            android:grantUriPermissions="true" >
65-->[:image_picker_android] AndroidManifest.xml:13:13-47
66            <meta-data
66-->[:image_picker_android] AndroidManifest.xml:14:13-16:75
67                android:name="android.support.FILE_PROVIDER_PATHS"
67-->[:image_picker_android] AndroidManifest.xml:15:17-67
68                android:resource="@xml/flutter_image_picker_file_paths" />
68-->[:image_picker_android] AndroidManifest.xml:16:17-72
69        </provider> <!-- Trigger Google Play services to install the backported photo picker module. -->
70        <service
70-->[:image_picker_android] AndroidManifest.xml:19:9-31:19
71            android:name="com.google.android.gms.metadata.ModuleDependencies"
71-->[:image_picker_android] AndroidManifest.xml:20:13-78
72            android:enabled="false"
72-->[:image_picker_android] AndroidManifest.xml:21:13-36
73            android:exported="false" >
73-->[:image_picker_android] AndroidManifest.xml:22:13-37
74            <intent-filter>
74-->[:image_picker_android] AndroidManifest.xml:24:13-26:29
75                <action android:name="com.google.android.gms.metadata.MODULE_DEPENDENCIES" />
75-->[:image_picker_android] AndroidManifest.xml:25:17-94
75-->[:image_picker_android] AndroidManifest.xml:25:25-91
76            </intent-filter>
77
78            <meta-data
78-->[:image_picker_android] AndroidManifest.xml:28:13-30:36
79                android:name="photopicker_activity:0:required"
79-->[:image_picker_android] AndroidManifest.xml:29:17-63
80                android:value="" />
80-->[:image_picker_android] AndroidManifest.xml:30:17-33
81        </service>
82
83        <uses-library
83-->[androidx.window:window:1.2.0] AndroidManifest.xml:23:9-25:40
84            android:name="androidx.window.extensions"
84-->[androidx.window:window:1.2.0] AndroidManifest.xml:24:13-54
85            android:required="false" />
85-->[androidx.window:window:1.2.0] AndroidManifest.xml:25:13-37
86        <uses-library
86-->[androidx.window:window:1.2.0] AndroidManifest.xml:26:9-28:40
87            android:name="androidx.window.sidecar"
87-->[androidx.window:window:1.2.0] AndroidManifest.xml:27:13-51
88            android:required="false" />
88-->[androidx.window:window:1.2.0] AndroidManifest.xml:28:13-37
89
90        <provider
90-->[androidx.lifecycle:lifecycle-process:2.7.0] AndroidManifest.xml:24:9-32:20
91            android:name="androidx.startup.InitializationProvider"
91-->[androidx.lifecycle:lifecycle-process:2.7.0] AndroidManifest.xml:25:13-67
92            android:authorities="com.example.music_application.androidx-startup"
92-->[androidx.lifecycle:lifecycle-process:2.7.0] AndroidManifest.xml:26:13-68
93            android:exported="false" >
93-->[androidx.lifecycle:lifecycle-process:2.7.0] AndroidManifest.xml:27:13-37
94            <meta-data
94-->[androidx.lifecycle:lifecycle-process:2.7.0] AndroidManifest.xml:29:13-31:52
95                android:name="androidx.lifecycle.ProcessLifecycleInitializer"
95-->[androidx.lifecycle:lifecycle-process:2.7.0] AndroidManifest.xml:30:17-78
96                android:value="androidx.startup" />
96-->[androidx.lifecycle:lifecycle-process:2.7.0] AndroidManifest.xml:31:17-49
97            <meta-data
97-->[androidx.profileinstaller:profileinstaller:1.4.0] AndroidManifest.xml:29:13-31:52
98                android:name="androidx.profileinstaller.ProfileInstallerInitializer"
98-->[androidx.profileinstaller:profileinstaller:1.4.0] AndroidManifest.xml:30:17-85
99                android:value="androidx.startup" />
99-->[androidx.profileinstaller:profileinstaller:1.4.0] AndroidManifest.xml:31:17-49
100        </provider>
101
102        <receiver
102-->[androidx.profileinstaller:profileinstaller:1.4.0] AndroidManifest.xml:34:9-52:20
103            android:name="androidx.profileinstaller.ProfileInstallReceiver"
103-->[androidx.profileinstaller:profileinstaller:1.4.0] AndroidManifest.xml:35:13-76
104            android:directBootAware="false"
104-->[androidx.profileinstaller:profileinstaller:1.4.0] AndroidManifest.xml:36:13-44
105            android:enabled="true"
105-->[androidx.profileinstaller:profileinstaller:1.4.0] AndroidManifest.xml:37:13-35
106            android:exported="true"
106-->[androidx.profileinstaller:profileinstaller:1.4.0] AndroidManifest.xml:38:13-36
107            android:permission="android.permission.DUMP" >
107-->[androidx.profileinstaller:profileinstaller:1.4.0] AndroidManifest.xml:39:13-57
108            <intent-filter>
108-->[androidx.profileinstaller:profileinstaller:1.4.0] AndroidManifest.xml:40:13-42:29
109                <action android:name="androidx.profileinstaller.action.INSTALL_PROFILE" />
109-->[androidx.profileinstaller:profileinstaller:1.4.0] AndroidManifest.xml:41:17-91
109-->[androidx.profileinstaller:profileinstaller:1.4.0] AndroidManifest.xml:41:25-88
110            </intent-filter>
111            <intent-filter>
111-->[androidx.profileinstaller:profileinstaller:1.4.0] AndroidManifest.xml:43:13-45:29
112                <action android:name="androidx.profileinstaller.action.SKIP_FILE" />
112-->[androidx.profileinstaller:profileinstaller:1.4.0] AndroidManifest.xml:44:17-85
112-->[androidx.profileinstaller:profileinstaller:1.4.0] AndroidManifest.xml:44:25-82
113            </intent-filter>
114            <intent-filter>
114-->[androidx.profileinstaller:profileinstaller:1.4.0] AndroidManifest.xml:46:13-48:29
115                <action android:name="androidx.profileinstaller.action.SAVE_PROFILE" />
115-->[androidx.profileinstaller:profileinstaller:1.4.0] AndroidManifest.xml:47:17-88
115-->[androidx.profileinstaller:profileinstaller:1.4.0] AndroidManifest.xml:47:25-85
116            </intent-filter>
117            <intent-filter>
117-->[androidx.profileinstaller:profileinstaller:1.4.0] AndroidManifest.xml:49:13-51:29
118                <action android:name="androidx.profileinstaller.action.BENCHMARK_OPERATION" />
118-->[androidx.profileinstaller:profileinstaller:1.4.0] AndroidManifest.xml:50:17-95
118-->[androidx.profileinstaller:profileinstaller:1.4.0] AndroidManifest.xml:50:25-92
119            </intent-filter>
120        </receiver>
121    </application>
122
123</manifest>